<?xml version="1.0" encoding="UTF-8"?>
<!-- Generated by org.testng.reporters.JUnitReportReporter -->
<testsuite skipped="0" hostname="DESKTOP-TQHP6B4" name="com.MavenPractice.Foods" tests="1" failures="0" timestamp="2023-04-04T12:42:58 IST" time="0.045" errors="0">
  <testcase name="menuList" time="0.045" classname="com.MavenPractice.Foods"/>
  <system-out>
    <![CDATA[Masala Dosa]]>
  </system-out>
</testsuite> <!-- com.MavenPractice.Foods -->
