<?xml version="1.0" encoding="UTF-8"?>
<!-- Generated by org.testng.reporters.JUnitReportReporter -->
<testsuite skipped="0" hostname="DESKTOP-TQHP6B4" name="com.MavenPractice.myclass" tests="1" failures="0" timestamp="2023-04-04T13:24:20 IST" time="0.028" errors="0">
  <testcase name="m1" time="0.028" classname="com.MavenPractice.myclass"/>
  <system-out/>
</testsuite> <!-- com.MavenPractice.myclass -->
