<?xml version="1.0" encoding="UTF-8"?>
<!-- Generated by org.testng.reporters.JUnitReportReporter -->
<testsuite hostname="Manju12Yadav" failures="0" tests="1" name="com.MavenPractice.MsyScript" time="0.012" errors="0" timestamp="2023-04-03T13:35:48 IST" skipped="0">
  <testcase classname="com.MavenPractice.MsyScript" name="ty" time="0.012"/>
  <system-out>
    <![CDATA[Hello Kiran]]>
  </system-out>
</testsuite> <!-- com.MavenPractice.MsyScript -->
